{"/home/dante/Documents/repos/cs/algos/ts/binary_search.ts": {"path":"/home/dante/Documents/repos/cs/algos/ts/binary_search.ts","statementMap":{"0":{"start":{"line":2,"column":15},"end":{"line":2,"column":16}},"1":{"start":{"line":3,"column":15},"end":{"line":3,"column":29}},"2":{"start":{"line":5,"column":2},"end":{"line":17,"column":null}},"3":{"start":{"line":6,"column":4},"end":{"line":6,"column":null}},"4":{"start":{"line":8,"column":24},"end":{"line":8,"column":34}},"5":{"start":{"line":10,"column":4},"end":{"line":16,"column":null}},"6":{"start":{"line":11,"column":6},"end":{"line":11,"column":null}},"7":{"start":{"line":12,"column":11},"end":{"line":16,"column":null}},"8":{"start":{"line":13,"column":6},"end":{"line":13,"column":null}},"9":{"start":{"line":15,"column":6},"end":{"line":15,"column":null}},"10":{"start":{"line":19,"column":2},"end":{"line":19,"column":12}},"11":{"start":{"line":1,"column":0},"end":{"line":1,"column":16}}},"fnMap":{"0":{"name":"binary_search","decl":{"start":{"line":1,"column":16},"end":{"line":1,"column":29}},"loc":{"start":{"line":1,"column":50},"end":{"line":20,"column":1}}}},"branchMap":{"0":{"loc":{"start":{"line":10,"column":4},"end":{"line":16,"column":null}},"type":"if","locations":[{"start":{"line":10,"column":4},"end":{"line":16,"column":null}},{"start":{"line":10,"column":4},"end":{"line":16,"column":null}}]},"1":{"loc":{"start":{"line":12,"column":11},"end":{"line":16,"column":null}},"type":"if","locations":[{"start":{"line":12,"column":11},"end":{"line":16,"column":null}},{"start":{"line":12,"column":11},"end":{"line":16,"column":null}}]}},"s":{"0":3,"1":3,"2":3,"3":6,"4":6,"5":6,"6":3,"7":3,"8":1,"9":2,"10":1,"11":1},"f":{"0":3},"b":{"0":[3,3],"1":[1,2]}}
}
